{"/Users/zocong/Documents/forked/aws-opentelemetry-js/packages/opentelemetry-id-generator-aws-xray/src/platform/index.ts": {"path":"/Users/zocong/Documents/forked/aws-opentelemetry-js/packages/opentelemetry-id-generator-aws-xray/src/platform/index.ts","statementMap":{"0":{"start":{"line":16,"column":0},"end":{"line":16,"column":23}}},"fnMap":{},"branchMap":{},"s":{"0":1},"f":{},"b":{}}
,"/Users/zocong/Documents/forked/aws-opentelemetry-js/packages/opentelemetry-id-generator-aws-xray/src/platform/node/RandomIdGenerator.ts": {"path":"/Users/zocong/Documents/forked/aws-opentelemetry-js/packages/opentelemetry-id-generator-aws-xray/src/platform/node/RandomIdGenerator.ts","statementMap":{"0":{"start":{"line":17,"column":0},"end":{"line":17,"column":33}},"1":{"start":{"line":20,"column":22},"end":{"line":20,"column":23}},"2":{"start":{"line":21,"column":23},"end":{"line":21,"column":25}},"3":{"start":{"line":29,"column":4},"end":{"line":29,"column":62}},"4":{"start":{"line":37,"column":4},"end":{"line":37,"column":61}},"5":{"start":{"line":23,"column":0},"end":{"line":23,"column":13}}},"fnMap":{"0":{"name":"(anonymous_0)","decl":{"start":{"line":28,"column":2},"end":{"line":28,"column":17}},"loc":{"start":{"line":28,"column":17},"end":{"line":30,"column":3}}},"1":{"name":"(anonymous_1)","decl":{"start":{"line":36,"column":2},"end":{"line":36,"column":16}},"loc":{"start":{"line":36,"column":16},"end":{"line":38,"column":3}}}},"branchMap":{},"s":{"0":1,"1":1,"2":1,"3":4,"4":4,"5":1},"f":{"0":4,"1":4},"b":{}}
,"/Users/zocong/Documents/forked/aws-opentelemetry-js/packages/opentelemetry-id-generator-aws-xray/src/platform/node/index.ts": {"path":"/Users/zocong/Documents/forked/aws-opentelemetry-js/packages/opentelemetry-id-generator-aws-xray/src/platform/node/index.ts","statementMap":{"0":{"start":{"line":17,"column":0},"end":{"line":17,"column":36}}},"fnMap":{},"branchMap":{},"s":{"0":1},"f":{},"b":{}}
}
